INFO:     Will watch for changes in these directories: ['/Users/kalashkumarithakur/Desktop/researchmind/backend']
INFO:     Uvicorn running on http://127.0.0.1:8000 (Press CTRL+C to quit)
INFO:     Started reloader process [30951] using WatchFiles
Process SpawnProcess-1:
Traceback (most recent call last):
  File "/Users/kalashkumarithakur/Desktop/researchmind/backend/venv/lib/python3.11/site-packages/pydantic_settings/sources.py", line 430, in __call__
    field_value = self.prepare_field_value(field_name, field, field_value, value_is_complex)
                  ^^^^^^^^^^^^^^^^^^^^^^^^^^^^^^^^^^^^^^^^^^^^^^^^^^^^^^^^^^^^^^^^^^^^^^^^^^
  File "/Users/kalashkumarithakur/Desktop/researchmind/backend/venv/lib/python3.11/site-packages/pydantic_settings/sources.py", line 632, in prepare_field_value
    raise e
  File "/Users/kalashkumarithakur/Desktop/researchmind/backend/venv/lib/python3.11/site-packages/pydantic_settings/sources.py", line 629, in prepare_field_value
    value = self.decode_complex_value(field_name, field, value)
            ^^^^^^^^^^^^^^^^^^^^^^^^^^^^^^^^^^^^^^^^^^^^^^^^^^^
  File "/Users/kalashkumarithakur/Desktop/researchmind/backend/venv/lib/python3.11/site-packages/pydantic_settings/sources.py", line 242, in decode_complex_value
    return json.loads(value)
           ^^^^^^^^^^^^^^^^^
  File "/opt/homebrew/Cellar/python@3.11/3.11.15_3/Frameworks/Python.framework/Versions/3.11/lib/python3.11/json/__init__.py", line 346, in loads
    return _default_decoder.decode(s)
           ^^^^^^^^^^^^^^^^^^^^^^^^^^
  File "/opt/homebrew/Cellar/python@3.11/3.11.15_3/Frameworks/Python.framework/Versions/3.11/lib/python3.11/json/decoder.py", line 337, in decode
    obj, end = self.raw_decode(s, idx=_w(s, 0).end())
               ^^^^^^^^^^^^^^^^^^^^^^^^^^^^^^^^^^^^^^
  File "/opt/homebrew/Cellar/python@3.11/3.11.15_3/Frameworks/Python.framework/Versions/3.11/lib/python3.11/json/decoder.py", line 355, in raw_decode
    raise JSONDecodeError("Expecting value", s, err.value) from None
json.decoder.JSONDecodeError: Expecting value: line 1 column 1 (char 0)

The above exception was the direct cause of the following exception:

Traceback (most recent call last):
  File "/opt/homebrew/Cellar/python@3.11/3.11.15_3/Frameworks/Python.framework/Versions/3.11/lib/python3.11/multiprocessing/process.py", line 314, in _bootstrap
    self.run()
  File "/opt/homebrew/Cellar/python@3.11/3.11.15_3/Frameworks/Python.framework/Versions/3.11/lib/python3.11/multiprocessing/process.py", line 108, in run
    self._target(*self._args, **self._kwargs)
  File "/Users/kalashkumarithakur/Desktop/researchmind/backend/venv/lib/python3.11/site-packages/uvicorn/_subprocess.py", line 80, in subprocess_started
    target(sockets=sockets)
  File "/Users/kalashkumarithakur/Desktop/researchmind/backend/venv/lib/python3.11/site-packages/uvicorn/server.py", line 65, in run
    return asyncio.run(self.serve(sockets=sockets))
           ^^^^^^^^^^^^^^^^^^^^^^^^^^^^^^^^^^^^^^^^
  File "/opt/homebrew/Cellar/python@3.11/3.11.15_3/Frameworks/Python.framework/Versions/3.11/lib/python3.11/asyncio/runners.py", line 190, in run
    return runner.run(main)
           ^^^^^^^^^^^^^^^^
  File "/opt/homebrew/Cellar/python@3.11/3.11.15_3/Frameworks/Python.framework/Versions/3.11/lib/python3.11/asyncio/runners.py", line 118, in run
    return self._loop.run_until_complete(task)
           ^^^^^^^^^^^^^^^^^^^^^^^^^^^^^^^^^^^
  File "uvloop/loop.pyx", line 1518, in uvloop.loop.Loop.run_until_complete
  File "/Users/kalashkumarithakur/Desktop/researchmind/backend/venv/lib/python3.11/site-packages/uvicorn/server.py", line 69, in serve
    await self._serve(sockets)
  File "/Users/kalashkumarithakur/Desktop/researchmind/backend/venv/lib/python3.11/site-packages/uvicorn/server.py", line 76, in _serve
    config.load()
  File "/Users/kalashkumarithakur/Desktop/researchmind/backend/venv/lib/python3.11/site-packages/uvicorn/config.py", line 434, in load
    self.loaded_app = import_from_string(self.app)
                      ^^^^^^^^^^^^^^^^^^^^^^^^^^^^
  File "/Users/kalashkumarithakur/Desktop/researchmind/backend/venv/lib/python3.11/site-packages/uvicorn/importer.py", line 19, in import_from_string
    module = importlib.import_module(module_str)
             ^^^^^^^^^^^^^^^^^^^^^^^^^^^^^^^^^^^
  File "/opt/homebrew/Cellar/python@3.11/3.11.15_3/Frameworks/Python.framework/Versions/3.11/lib/python3.11/importlib/__init__.py", line 126, in import_module
    return _bootstrap._gcd_import(name[level:], package, level)
           ^^^^^^^^^^^^^^^^^^^^^^^^^^^^^^^^^^^^^^^^^^^^^^^^^^^^
  File "<frozen importlib._bootstrap>", line 1204, in _gcd_import
  File "<frozen importlib._bootstrap>", line 1176, in _find_and_load
  File "<frozen importlib._bootstrap>", line 1147, in _find_and_load_unlocked
  File "<frozen importlib._bootstrap>", line 690, in _load_unlocked
  File "<frozen importlib._bootstrap_external>", line 940, in exec_module
  File "<frozen importlib._bootstrap>", line 241, in _call_with_frames_removed
  File "/Users/kalashkumarithakur/Desktop/researchmind/backend/app/main.py", line 6, in <module>
    from app.core.config import settings
  File "/Users/kalashkumarithakur/Desktop/researchmind/backend/app/core/config.py", line 17, in <module>
    settings = Settings()
               ^^^^^^^^^^
  File "/Users/kalashkumarithakur/Desktop/researchmind/backend/venv/lib/python3.11/site-packages/pydantic_settings/main.py", line 145, in __init__
    **__pydantic_self__._settings_build_values(
      ^^^^^^^^^^^^^^^^^^^^^^^^^^^^^^^^^^^^^^^^^
  File "/Users/kalashkumarithakur/Desktop/researchmind/backend/venv/lib/python3.11/site-packages/pydantic_settings/main.py", line 329, in _settings_build_values
    source_state = source()
                   ^^^^^^^^
  File "/Users/kalashkumarithakur/Desktop/researchmind/backend/venv/lib/python3.11/site-packages/pydantic_settings/sources.py", line 852, in __call__
    data: dict[str, Any] = super().__call__()
                           ^^^^^^^^^^^^^^^^^^
  File "/Users/kalashkumarithakur/Desktop/researchmind/backend/venv/lib/python3.11/site-packages/pydantic_settings/sources.py", line 432, in __call__
    raise SettingsError(
pydantic_settings.sources.SettingsError: error parsing value for field "cors_origins" from source "DotEnvSettingsSource"
